========================================== 
Healthcare Platform - start.bat log        
Timestamp: Thu 04/09/2026 10:38:51.99                   
Root: "D:\Medflow v3\medflow"                             
Log Dir: "D:\Medflow v3\medflow\logs"                        
Backend Out Log: "D:\Medflow v3\medflow\backend\logs\server_20260409_103851.out.log"       
Backend Err Log: "D:\Medflow v3\medflow\backend\logs\server_20260409_103851.err.log"       
========================================== 
                                           
Starting launcher (local dev only)...
Using Python: py -3
Node/npm found.
[BACKEND] Enter backend folder...
[BACKEND] In: D:\Medflow v3\medflow\backend
[BACKEND] Installing deps (pip)...
Requirement already satisfied: fastapi in d:\medflow v3\medflow\backend\.venv\lib\site-packages (from -r requirements.txt (line 1)) (0.135.3)
Requirement already satisfied: pydantic in d:\medflow v3\medflow\backend\.venv\lib\site-packages (from -r requirements.txt (line 5)) (2.12.5)
Requirement already satisfied: sqlalchemy in d:\medflow v3\medflow\backend\.venv\lib\site-packages (from -r requirements.txt (line 6)) (2.0.49)
Requirement already satisfied: python-dotenv in d:\medflow v3\medflow\backend\.venv\lib\site-packages (from -r requirements.txt (line 7)) (1.2.2)
Requirement already satisfied: alembic in d:\medflow v3\medflow\backend\.venv\lib\site-packages (from -r requirements.txt (line 8)) (1.18.4)
Requirement already satisfied: cryptography in d:\medflow v3\medflow\backend\.venv\lib\site-packages (from -r requirements.txt (line 9)) (46.0.7)
Requirement already satisfied: psycopg2-binary in d:\medflow v3\medflow\backend\.venv\lib\site-packages (from -r requirements.txt (line 14)) (2.9.11)
Requirement already satisfied: uvicorn[standard] in d:\medflow v3\medflow\backend\.venv\lib\site-packages (from -r requirements.txt (line 2)) (0.44.0)
Requirement already satisfied: python-jose[cryptography] in d:\medflow v3\medflow\backend\.venv\lib\site-packages (from -r requirements.txt (line 3)) (3.5.0)
Requirement already satisfied: passlib[bcrypt] in d:\medflow v3\medflow\backend\.venv\lib\site-packages (from -r requirements.txt (line 4)) (1.7.4)
Requirement already satisfied: starlette>=0.46.0 in d:\medflow v3\medflow\backend\.venv\lib\site-packages (from fastapi->-r requirements.txt (line 1)) (1.0.0)
Requirement already satisfied: typing-extensions>=4.8.0 in d:\medflow v3\medflow\backend\.venv\lib\site-packages (from fastapi->-r requirements.txt (line 1)) (4.15.0)
Requirement already satisfied: typing-inspection>=0.4.2 in d:\medflow v3\medflow\backend\.venv\lib\site-packages (from fastapi->-r requirements.txt (line 1)) (0.4.2)
Requirement already satisfied: annotated-doc>=0.0.2 in d:\medflow v3\medflow\backend\.venv\lib\site-packages (from fastapi->-r requirements.txt (line 1)) (0.0.4)
Requirement already satisfied: click>=7.0 in d:\medflow v3\medflow\backend\.venv\lib\site-packages (from uvicorn[standard]->-r requirements.txt (line 2)) (8.3.2)
Requirement already satisfied: h11>=0.8 in d:\medflow v3\medflow\backend\.venv\lib\site-packages (from uvicorn[standard]->-r requirements.txt (line 2)) (0.16.0)
Requirement already satisfied: colorama>=0.4 in d:\medflow v3\medflow\backend\.venv\lib\site-packages (from uvicorn[standard]->-r requirements.txt (line 2)) (0.4.6)
Requirement already satisfied: httptools>=0.6.3 in d:\medflow v3\medflow\backend\.venv\lib\site-packages (from uvicorn[standard]->-r requirements.txt (line 2)) (0.7.1)
Requirement already satisfied: pyyaml>=5.1 in d:\medflow v3\medflow\backend\.venv\lib\site-packages (from uvicorn[standard]->-r requirements.txt (line 2)) (6.0.3)
Requirement already satisfied: watchfiles>=0.20 in d:\medflow v3\medflow\backend\.venv\lib\site-packages (from uvicorn[standard]->-r requirements.txt (line 2)) (1.1.1)
Requirement already satisfied: websockets>=10.4 in d:\medflow v3\medflow\backend\.venv\lib\site-packages (from uvicorn[standard]->-r requirements.txt (line 2)) (16.0)
Requirement already satisfied: ecdsa!=0.15 in d:\medflow v3\medflow\backend\.venv\lib\site-packages (from python-jose[cryptography]->-r requirements.txt (line 3)) (0.19.2)
Requirement already satisfied: rsa!=4.1.1,!=4.4,<5.0,>=4.0 in d:\medflow v3\medflow\backend\.venv\lib\site-packages (from python-jose[cryptography]->-r requirements.txt (line 3)) (4.9.1)
Requirement already satisfied: pyasn1>=0.5.0 in d:\medflow v3\medflow\backend\.venv\lib\site-packages (from python-jose[cryptography]->-r requirements.txt (line 3)) (0.6.3)
Requirement already satisfied: bcrypt>=3.1.0 in d:\medflow v3\medflow\backend\.venv\lib\site-packages (from passlib[bcrypt]->-r requirements.txt (line 4)) (5.0.0)
Requirement already satisfied: annotated-types>=0.6.0 in d:\medflow v3\medflow\backend\.venv\lib\site-packages (from pydantic->-r requirements.txt (line 5)) (0.7.0)
Requirement already satisfied: pydantic-core==2.41.5 in d:\medflow v3\medflow\backend\.venv\lib\site-packages (from pydantic->-r requirements.txt (line 5)) (2.41.5)
Requirement already satisfied: greenlet>=1 in d:\medflow v3\medflow\backend\.venv\lib\site-packages (from sqlalchemy->-r requirements.txt (line 6)) (3.4.0)
Requirement already satisfied: Mako in d:\medflow v3\medflow\backend\.venv\lib\site-packages (from alembic->-r requirements.txt (line 8)) (1.3.10)
Requirement already satisfied: cffi>=2.0.0 in d:\medflow v3\medflow\backend\.venv\lib\site-packages (from cryptography->-r requirements.txt (line 9)) (2.0.0)
Requirement already satisfied: pycparser in d:\medflow v3\medflow\backend\.venv\lib\site-packages (from cffi>=2.0.0->cryptography->-r requirements.txt (line 9)) (3.0)
Requirement already satisfied: six>=1.9.0 in d:\medflow v3\medflow\backend\.venv\lib\site-packages (from ecdsa!=0.15->python-jose[cryptography]->-r requirements.txt (line 3)) (1.17.0)
Requirement already satisfied: anyio<5,>=3.6.2 in d:\medflow v3\medflow\backend\.venv\lib\site-packages (from starlette>=0.46.0->fastapi->-r requirements.txt (line 1)) (4.13.0)
Requirement already satisfied: idna>=2.8 in d:\medflow v3\medflow\backend\.venv\lib\site-packages (from anyio<5,>=3.6.2->starlette>=0.46.0->fastapi->-r requirements.txt (line 1)) (3.11)
Requirement already satisfied: MarkupSafe>=0.9.2 in d:\medflow v3\medflow\backend\.venv\lib\site-packages (from Mako->alembic->-r requirements.txt (line 8)) (3.0.3)

[notice] A new release of pip is available: 25.3 -> 26.0.1
[notice] To update, run: python.exe -m pip install --upgrade pip
[BACKEND] Launching uvicorn window on port 8001...
[FRONTEND] Enter frontend folder...
[FRONTEND] In: D:\Medflow v3\medflow\frontend
[FRONTEND] node_modules exists (skipping install).
[FRONTEND] Launching Vite window...
DONE - windows launched.
